Performing C SOURCE FILE Test CMAKE_HAVE_LIBC_PTHREAD failed with the following output:
Change Dir: /home/zero0zero/c_project/pasargad/build/CMakeFiles/CMakeScratch/TryCompile-i2KRUH

Run Build Command(s):/usr/bin/make -f Makefile cmTC_94aa7/fast && /usr/bin/make  -f CMakeFiles/cmTC_94aa7.dir/build.make CMakeFiles/cmTC_94aa7.dir/build
make[1]: Entering directory '/home/zero0zero/c_project/pasargad/build/CMakeFiles/CMakeScratch/TryCompile-i2KRUH'
Building C object CMakeFiles/cmTC_94aa7.dir/src.c.o
/usr/bin/cc -DCMAKE_HAVE_LIBC_PTHREAD   -o CMakeFiles/cmTC_94aa7.dir/src.c.o -c /home/zero0zero/c_project/pasargad/build/CMakeFiles/CMakeScratch/TryCompile-i2KRUH/src.c
Linking C executable cmTC_94aa7
/usr/bin/cmake -E cmake_link_script CMakeFiles/cmTC_94aa7.dir/link.txt --verbose=1
/usr/bin/cc -rdynamic CMakeFiles/cmTC_94aa7.dir/src.c.o -o cmTC_94aa7 
/usr/bin/ld: CMakeFiles/cmTC_94aa7.dir/src.c.o: in function `main':
src.c:(.text+0x46): undefined reference to `pthread_create'
/usr/bin/ld: src.c:(.text+0x52): undefined reference to `pthread_detach'
/usr/bin/ld: src.c:(.text+0x5e): undefined reference to `pthread_cancel'
/usr/bin/ld: src.c:(.text+0x6f): undefined reference to `pthread_join'
collect2: error: ld returned 1 exit status
make[1]: *** [CMakeFiles/cmTC_94aa7.dir/build.make:99: cmTC_94aa7] Error 1
make[1]: Leaving directory '/home/zero0zero/c_project/pasargad/build/CMakeFiles/CMakeScratch/TryCompile-i2KRUH'
make: *** [Makefile:127: cmTC_94aa7/fast] Error 2


Source file was:
#include <pthread.h>

static void* test_func(void* data)
{
  return data;
}

int main(void)
{
  pthread_t thread;
  pthread_create(&thread, NULL, test_func, NULL);
  pthread_detach(thread);
  pthread_cancel(thread);
  pthread_join(thread, NULL);
  pthread_atfork(NULL, NULL, NULL);
  pthread_exit(NULL);

  return 0;
}


Determining if the function pthread_create exists in the pthreads failed with the following output:
Change Dir: /home/zero0zero/c_project/pasargad/build/CMakeFiles/CMakeScratch/TryCompile-YqJtjG

Run Build Command(s):/usr/bin/make -f Makefile cmTC_a7ab8/fast && /usr/bin/make  -f CMakeFiles/cmTC_a7ab8.dir/build.make CMakeFiles/cmTC_a7ab8.dir/build
make[1]: Entering directory '/home/zero0zero/c_project/pasargad/build/CMakeFiles/CMakeScratch/TryCompile-YqJtjG'
Building C object CMakeFiles/cmTC_a7ab8.dir/CheckFunctionExists.c.o
/usr/bin/cc   -DCHECK_FUNCTION_EXISTS=pthread_create -o CMakeFiles/cmTC_a7ab8.dir/CheckFunctionExists.c.o -c /home/zero0zero/c_project/pasargad/build/CMakeFiles/CMakeScratch/TryCompile-YqJtjG/CheckFunctionExists.c
Linking C executable cmTC_a7ab8
/usr/bin/cmake -E cmake_link_script CMakeFiles/cmTC_a7ab8.dir/link.txt --verbose=1
/usr/bin/cc  -DCHECK_FUNCTION_EXISTS=pthread_create -rdynamic CMakeFiles/cmTC_a7ab8.dir/CheckFunctionExists.c.o -o cmTC_a7ab8  -lpthreads 
/usr/bin/ld: cannot find -lpthreads
collect2: error: ld returned 1 exit status
make[1]: *** [CMakeFiles/cmTC_a7ab8.dir/build.make:99: cmTC_a7ab8] Error 1
make[1]: Leaving directory '/home/zero0zero/c_project/pasargad/build/CMakeFiles/CMakeScratch/TryCompile-YqJtjG'
make: *** [Makefile:127: cmTC_a7ab8/fast] Error 2



